<?xml version="1.0" encoding="utf-8"?><testsuites name="pytest tests"><testsuite name="pytest" errors="0" failures="1" skipped="0" tests="23" time="1.437" timestamp="2026-05-11T22:13:05.902554+03:00" hostname="Letias"><testcase classname="tests.unit.test_core_modules.TestConfiguration" name="test_get_settings_returns_instance" time="0.005" /><testcase classname="tests.unit.test_core_modules.TestConfiguration" name="test_settings_has_required_attributes" time="0.000" /><testcase classname="tests.unit.test_core_modules.TestConfiguration" name="test_settings_default_values" time="0.002" /><testcase classname="tests.unit.test_core_modules.TestSingletonPattern" name="test_singleton_meta_class" time="0.001" /><testcase classname="tests.unit.test_core_modules.TestSingletonPattern" name="test_configuration_service_singleton" time="0.000" /><testcase classname="tests.unit.test_core_modules.TestSingletonPattern" name="test_config_service_global_instance" time="0.000" /><testcase classname="tests.unit.test_core_modules.TestFactoryPattern" name="test_database_service_factory_creation" time="0.001" /><testcase classname="tests.unit.test_core_modules.TestFactoryPattern" name="test_service_registry_not_empty" time="0.001" /><testcase classname="tests.unit.test_core_modules.TestFactoryPattern" name="test_factory_can_create_service" time="0.001" /><testcase classname="tests.unit.test_core_modules.TestObserverPattern" name="test_event_manager_creation" time="0.001" /><testcase classname="tests.unit.test_core_modules.TestObserverPattern" name="test_global_event_manager" time="0.000" /><testcase classname="tests.unit.test_core_modules.TestSecurity" name="test_token_creation_imports" time="0.001" /><testcase classname="tests.unit.test_core_modules.TestSecurity" name="test_token_structure" time="0.010" /><testcase classname="tests.unit.test_core_modules.TestSecurity" name="test_token_expiry" time="0.001" /><testcase classname="tests.unit.test_core_modules.TestSecurity" name="test_invalid_token_returns_none" time="0.001" /><testcase classname="tests.unit.test_core_modules.TestSecurity" name="test_empty_token_returns_none" time="0.000" /><testcase classname="tests.unit.test_core_modules.TestDependencies" name="test_get_db_imports" time="0.000" /><testcase classname="tests.unit.test_core_modules.TestDependencies" name="test_get_current_user_imports" time="0.000" /><testcase classname="tests.unit.test_core_modules.TestCoreIntegration" name="test_config_service_integration" time="0.001" /><testcase classname="tests.unit.test_core_modules.TestCoreIntegration" name="test_factory_config_integration" time="0.001" /><testcase classname="tests.unit.test_models_comprehensive.TestUserModel" name="test_user_creation_with_valid_data" time="0.021" /><testcase classname="tests.unit.test_models_comprehensive.TestUserModel" name="test_user_email_validation" time="0.001" /><testcase classname="tests.unit.test_models_comprehensive.TestUserModel" name="test_user_username_validation" time="0.001"><failure message="Failed: DID NOT RAISE &lt;class 'ValueError'&gt;">tests\unit\test_models_comprehensive.py:54: in test_user_username_validation
    with pytest.raises(ValueError):
         ^^^^^^^^^^^^^^^^^^^^^^^^^
E   Failed: DID NOT RAISE &lt;class 'ValueError'&gt;</failure></testcase></testsuite></testsuites>