<?xml version="1.0" encoding="utf-8"?><testsuites name="pytest tests"><testsuite name="pytest" errors="0" failures="1" skipped="0" tests="1" time="0.884" timestamp="2026-05-12T01:06:04.660638+03:00" hostname="Letias"><testcase classname="tests.unit.test_api_comprehensive.TestAPIComprehensive" name="test_api_routes_import" time="0.008"><failure message="  File &quot;C:\ME\UNI\Refactoring\Proj2\backend\app\api\routes\__init__.py&quot;, line 86&#10;    db: Annotated[AsyncSession, Depends(get_db)]&#10;    ^^^^^^^^^^^^^^^^^^^^^^^^^^^^^^^^^^^^^^^^^^^^&#10;SyntaxError: parameter without a default follows parameter with a default">tests\unit\test_api_comprehensive.py:13: in test_api_routes_import
    from app.api import routes
E     File "C:\ME\UNI\Refactoring\Proj2\backend\app\api\routes\__init__.py", line 86
E       db: Annotated[AsyncSession, Depends(get_db)]
E       ^^^^^^^^^^^^^^^^^^^^^^^^^^^^^^^^^^^^^^^^^^^^
E   SyntaxError: parameter without a default follows parameter with a default</failure></testcase></testsuite></testsuites>