<?xml version="1.0" encoding="utf-8"?><testsuites><testsuite name="pytest" errors="0" failures="0" skipped="0" tests="688" time="6.691" timestamp="2026-05-15T06:46:41.275547" hostname="vm"><testcase classname="tests.integration.test_basic_integration.TestBasicIntegration" name="test_app_imports" time="0.005" /><testcase classname="tests.integration.test_basic_integration.TestBasicIntegration" name="test_models_import" time="0.001" /><testcase classname="tests.integration.test_basic_integration.TestBasicIntegration" name="test_repositories_import" time="0.000" /><testcase classname="tests.integration.test_basic_integration.TestBasicIntegration" name="test_services_import" time="0.001" /><testcase classname="tests.integration.test_basic_integration.TestBasicIntegration" name="test_config_import" time="0.001" /><testcase classname="tests.integration.test_basic_integration.TestBasicIntegration" name="test_database_import" time="0.001" /><testcase classname="tests.integration.test_basic_integration.TestBasicIntegration" name="test_api_import" time="0.001" /><testcase classname="tests.integration.test_basic_integration.TestBasicIntegration" name="test_schemas_import" time="0.000" /><testcase classname="tests.integration.test_basic_integration.TestBasicIntegration" name="test_security_import" time="0.001" /><testcase classname="tests.integration.test_basic_integration.TestBasicIntegration" name="test_dependencies_import" time="0.001" /><testcase classname="tests.unit.test_api_comprehensive.TestAPIComprehensive" name="test_api_routes_import" time="0.001" /><testcase classname="tests.unit.test_api_comprehensive.TestAPIComprehensive" name="test_router_import" time="0.000" /><testcase classname="tests.unit.test_api_comprehensive.TestAPIComprehensive" name="test_auth_router_import" time="0.000" /><testcase classname="tests.unit.test_api_comprehensive.TestAPIComprehensive" name="test_users_router_import" time="0.001" /><testcase classname="tests.unit.test_api_comprehensive.TestAPIComprehensive" name="test_books_router_import" time="0.001" /><testcase classname="tests.unit.test_api_comprehensive.TestAPIComprehensive" name="test_reviews_router_import" time="0.000" /><testcase classname="tests.unit.test_api_comprehensive.TestAPIComprehensive" name="test_exchanges_router_import" time="0.001" /><testcase classname="tests.unit.test_api_comprehensive.TestAPIComprehensive" name="test_wishlist_router_import" time="0.000" /><testcase classname="tests.unit.test_api_comprehensive.TestAPIComprehensive" name="test_chat_router_import" time="0.000" /><testcase classname="tests.unit.test_api_comprehensive.TestAPIComprehensive" name="test_friends_router_import" time="0.000" /><testcase classname="tests.unit.test_api_comprehensive.TestAPIComprehensive" name="test_recs_router_import" time="0.001" /><testcase classname="tests.unit.test_api_comprehensive.TestAPIComprehensive" name="test_api_routes_structure" time="0.000" /><testcase classname="tests.unit.test_api_comprehensive.TestAPIComprehensive" name="test_router_objects_are_not_none" time="0.001" /><testcase classname="tests.unit.test_api_comprehensive.TestAPIComprehensive" name="test_router_prefixes" time="0.001" /><testcase classname="tests.unit.test_api_comprehensive.TestAPIComprehensive" name="test_router_tags" time="0.001" /><testcase classname="tests.unit.test_api_comprehensive.TestAPIComprehensive" name="test_router_routes_exist" time="0.001" /><testcase classname="tests.unit.test_api_comprehensive.TestAPIComprehensive" name="test_get_db_import" time="0.000" /><testcase classname="tests.unit.test_api_comprehensive.TestAPIComprehensive" name="test_get_current_user_import" time="0.001" /><testcase classname="tests.unit.test_api_comprehensive.TestAPIComprehensive" name="test_models_import" time="0.000" /><testcase classname="tests.unit.test_api_comprehensive.TestAPIComprehensive" name="test_services_import" time="0.000" /><testcase classname="tests.unit.test_api_comprehensive.TestAPIComprehensive" name="test_user_schemas_import" time="0.000" /><testcase classname="tests.unit.test_api_comprehensive.TestAPIComprehensive" name="test_book_schemas_import" time="0.001" /><testcase classname="tests.unit.test_api_comprehensive.TestAPIComprehensive" name="test_review_schemas_import" time="0.001" /><testcase classname="tests.unit.test_api_comprehensive.TestAPIComprehensive" name="test_exchange_schemas_import" time="0.000" /><testcase classname="tests.unit.test_api_comprehensive.TestAPIComprehensive" name="test_other_schemas_import" time="0.001" /><testcase classname="tests.unit.test_api_comprehensive.TestAPIComprehensive" name="test_optional_import" time="0.000" /><testcase classname="tests.unit.test_api_comprehensive.TestAPIComprehensive" name="test_query_import" time="0.000" /><testcase classname="tests.unit.test_api_comprehensive.TestAPIComprehensive" name="test_async_session_import" time="0.001" /><testcase classname="tests.unit.test_api_comprehensive.TestAPIComprehensive" name="test_api_router_import" time="0.001" /><testcase classname="tests.unit.test_api_comprehensive.TestAPIComprehensive" name="test_depends_import" time="0.000" /><testcase classname="tests.unit.test_book_repository.TestBookRepository" name="test_get_with_owner_found" time="0.048" /><testcase classname="tests.unit.test_book_repository.TestBookRepository" name="test_get_with_owner_not_found" time="0.004" /><testcase classname="tests.unit.test_book_repository.TestBookRepository" name="test_search_with_all_filters" time="0.005" /><testcase classname="tests.unit.test_book_repository.TestBookRepository" name="test_search_no_filters" time="0.004" /><testcase classname="tests.unit.test_book_repository.TestBookRepository" name="test_get_average_rating_exists" time="0.003" /><testcase classname="tests.unit.test_book_repository.TestBookRepository" name="test_get_average_rating_none" time="0.003" /><testcase classname="tests.unit.test_book_repository.TestBookRepository" name="test_get_review_count" time="0.003" /><testcase classname="tests.unit.test_book_repository.TestBookRepository" name="test_get_by_owner" time="0.005" /><testcase classname="tests.unit.test_book_repository.TestBookRepository" name="test_search_pagination" time="0.055" /><testcase classname="tests.unit.test_book_repository.TestBookRepository" name="test_search_query_filter" time="0.004" /><testcase classname="tests.unit.test_core_modules.TestConfiguration" name="test_get_settings_returns_instance" time="0.001" /><testcase classname="tests.unit.test_core_modules.TestConfiguration" name="test_settings_has_required_attributes" time="0.001" /><testcase classname="tests.unit.test_core_modules.TestConfiguration" name="test_settings_default_values" time="0.002" /><testcase classname="tests.unit.test_core_modules.TestSingletonPattern" name="test_singleton_meta_class" time="0.001" /><testcase classname="tests.unit.test_core_modules.TestSingletonPattern" name="test_configuration_service_singleton" time="0.001" /><testcase classname="tests.unit.test_core_modules.TestSingletonPattern" name="test_config_service_global_instance" time="0.000" /><testcase classname="tests.unit.test_core_modules.TestFactoryPattern" name="test_database_service_factory_creation" time="0.001" /><testcase classname="tests.unit.test_core_modules.TestFactoryPattern" name="test_service_registry_not_empty" time="0.001" /><testcase classname="tests.unit.test_core_modules.TestFactoryPattern" name="test_factory_can_create_service" time="0.001" /><testcase classname="tests.unit.test_core_modules.TestObserverPattern" name="test_event_manager_creation" time="0.001" /><testcase classname="tests.unit.test_core_modules.TestObserverPattern" name="test_global_event_manager" time="0.001" /><testcase classname="tests.unit.test_core_modules.TestSecurity" name="test_token_creation_imports" time="0.001" /><testcase classname="tests.unit.test_core_modules.TestSecurity" name="test_token_structure" time="0.005" /><testcase classname="tests.unit.test_core_modules.TestSecurity" name="test_token_expiry" time="0.001" /><testcase classname="tests.unit.test_core_modules.TestSecurity" name="test_invalid_token_returns_none" time="0.001" /><testcase classname="tests.unit.test_core_modules.TestSecurity" name="test_empty_token_returns_none" time="0.001" /><testcase classname="tests.unit.test_core_modules.TestDependencies" name="test_oauth2_scheme_import" time="0.000" /><testcase classname="tests.unit.test_core_modules.TestDependencies" name="test_get_current_user_import" time="0.000" /><testcase classname="tests.unit.test_core_modules.TestDependencies" name="test_dependencies_module_structure" time="0.001" /><testcase classname="tests.unit.test_core_modules.TestDependencies" name="test_dependencies_function_signatures" time="0.001" /><testcase classname="tests.unit.test_core_modules.TestDependencies" name="test_core_factory_imports" time="0.001" /><testcase classname="tests.unit.test_core_modules.TestDependencies" name="test_core_observer_imports" time="0.000" /><testcase classname="tests.unit.test_core_modules.TestDependencies" name="test_core_singleton_imports" time="0.001" /><testcase classname="tests.unit.test_core_modules.TestCoreIntegration" name="test_config_service_integration" time="0.001" /><testcase classname="tests.unit.test_core_modules.TestCoreIntegration" name="test_factory_config_integration" time="0.001" /><testcase classname="tests.unit.test_coverage_boost.TestObserverCoverage" name="test_event_to_dict" time="0.001" /><testcase classname="tests.unit.test_coverage_boost.TestObserverCoverage" name="test_event_with_timestamp" time="0.001" /><testcase classname="tests.unit.test_coverage_boost.TestObserverCoverage" name="test_event_manager_notify_with_observers" time="0.002" /><testcase classname="tests.unit.test_coverage_boost.TestObserverCoverage" name="test_event_manager_history_limit" time="0.001" /><testcase classname="tests.unit.test_coverage_boost.TestObserverCoverage" name="test_event_manager_get_event_history_filtered" time="0.001" /><testcase classname="tests.unit.test_coverage_boost.TestObserverCoverage" name="test_event_manager_get_event_history_all" time="0.001" /><testcase classname="tests.unit.test_coverage_boost.TestObserverCoverage" name="test_event_manager_get_event_history_limit_zero" time="0.001" /><testcase classname="tests.unit.test_coverage_boost.TestObserverCoverage" name="test_event_manager_clear_history" time="0.001" /><testcase classname="tests.unit.test_coverage_boost.TestObserverCoverage" name="test_event_manager_attach_detach" time="0.001" /><testcase classname="tests.unit.test_coverage_boost.TestObserverCoverage" name="test_event_manager_attach_duplicate" time="0.001" /><testcase classname="tests.unit.test_coverage_boost.TestObserverCoverage" name="test_event_manager_detach_nonexistent" time="0.001" /><testcase classname="tests.unit.test_coverage_boost.TestObserverCoverage" name="test_logging_observer_update" time="0.001" /><testcase classname="tests.unit.test_coverage_boost.TestObserverCoverage" name="test_logging_observer_custom_level" time="0.001" /><testcase classname="tests.unit.test_coverage_boost.TestObserverCoverage" name="test_statistics_observer_update" time="0.001" /><testcase classname="tests.unit.test_coverage_boost.TestObserverCoverage" name="test_statistics_observer_multiple_events" time="0.002" /><testcase classname="tests.unit.test_coverage_boost.TestObserverCoverage" name="test_websocket_observer_no_clients" time="0.001" /><testcase classname="tests.unit.test_coverage_boost.TestObserverCoverage" name="test_websocket_observer_with_client" time="0.002" /><testcase classname="tests.unit.test_coverage_boost.TestObserverCoverage" name="test_websocket_observer_client_error" time="0.002" /><testcase classname="tests.unit.test_coverage_boost.TestObserverCoverage" name="test_websocket_observer_add_remove_client" time="0.001" /><testcase classname="tests.unit.test_coverage_boost.TestObserverCoverage" name="test_websocket_observer_add_duplicate_client" time="0.001" /><testcase classname="tests.unit.test_coverage_boost.TestObserverCoverage" name="test_websocket_observer_remove_nonexistent" time="0.001" /><testcase classname="tests.unit.test_coverage_boost.TestObserverCoverage" name="test_email_notification_observer_not_interested" time="0.001" /><testcase classname="tests.unit.test_coverage_boost.TestObserverCoverage" name="test_email_notification_observer_interested_no_email" time="0.001" /><testcase classname="tests.unit.test_coverage_boost.TestObserverCoverage" name="test_email_notification_observer_with_email" time="0.001" /><testcase classname="tests.unit.test_coverage_boost.TestObserverCoverage" name="test_event_manager_notify_observer_exception" time="0.001" /><testcase classname="tests.unit.test_coverage_boost.TestSingletonCoverage" name="test_singleton_same_instance" time="0.001" /><testcase classname="tests.unit.test_coverage_boost.TestSingletonCoverage" name="test_config_service_get" time="0.001" /><testcase classname="tests.unit.test_coverage_boost.TestSingletonCoverage" name="test_config_service_get_all" time="0.001" /><testcase classname="tests.unit.test_coverage_boost.TestSingletonCoverage" name="test_config_service_initialize" time="0.001" /><testcase classname="tests.unit.test_coverage_boost.TestSingletonCoverage" name="test_config_service_reload" time="0.000" /><testcase classname="tests.unit.test_coverage_boost.TestSingletonCoverage" name="test_config_service_get_triggers_initialize" time="0.001" /><testcase classname="tests.unit.test_coverage_boost.TestFactoryCoverage" name="test_create_auth_service" time="0.001" /><testcase classname="tests.unit.test_coverage_boost.TestFactoryCoverage" name="test_create_user_service" time="0.001" /><testcase classname="tests.unit.test_coverage_boost.TestFactoryCoverage" name="test_create_book_service" time="0.001" /><testcase classname="tests.unit.test_coverage_boost.TestFactoryCoverage" name="test_create_review_service" time="0.001" /><testcase classname="tests.unit.test_coverage_boost.TestFactoryCoverage" name="test_create_exchange_service" time="0.001" /><testcase classname="tests.unit.test_coverage_boost.TestFactoryCoverage" name="test_create_wishlist_service" time="0.001" /><testcase classname="tests.unit.test_coverage_boost.TestFactoryCoverage" name="test_create_chat_service" time="0.001" /><testcase classname="tests.unit.test_coverage_boost.TestFactoryCoverage" name="test_create_friendship_service" time="0.001" /><testcase classname="tests.unit.test_coverage_boost.TestFactoryCoverage" name="test_create_unknown_service_raises" time="0.002" /><testcase classname="tests.unit.test_coverage_boost.TestFactoryCoverage" name="test_register_custom_service" time="0.001" /><testcase classname="tests.unit.test_coverage_boost.TestFactoryCoverage" name="test_create_user_repository" time="0.001" /><testcase classname="tests.unit.test_coverage_boost.TestFactoryCoverage" name="test_create_book_repository" time="0.001" /><testcase classname="tests.unit.test_coverage_boost.TestFactoryCoverage" name="test_create_review_repository" time="0.001" /><testcase classname="tests.unit.test_coverage_boost.TestFactoryCoverage" name="test_create_exchange_repository" time="0.001" /><testcase classname="tests.unit.test_coverage_boost.TestFactoryCoverage" name="test_create_wishlist_repository" time="0.001" /><testcase classname="tests.unit.test_coverage_boost.TestFactoryCoverage" name="test_create_message_repository" time="0.001" /><testcase classname="tests.unit.test_coverage_boost.TestFactoryCoverage" name="test_create_friendship_repository" time="0.001" /><testcase classname="tests.unit.test_coverage_boost.TestFactoryCoverage" name="test_create_unknown_repository_raises" time="0.002" /><testcase classname="tests.unit.test_coverage_boost.TestFactoryCoverage" name="test_register_custom_repository" time="0.001" /><testcase classname="tests.unit.test_coverage_boost.TestFactoryCoverage" name="test_service_container_get_service" time="0.001" /><testcase classname="tests.unit.test_coverage_boost.TestFactoryCoverage" name="test_service_container_caches_service" time="0.001" /><testcase classname="tests.unit.test_coverage_boost.TestFactoryCoverage" name="test_service_container_get_repository" time="0.001" /><testcase classname="tests.unit.test_coverage_boost.TestFactoryCoverage" name="test_service_container_caches_repository" time="0.001" /><testcase classname="tests.unit.test_coverage_boost.TestFactoryCoverage" name="test_service_container_clear_cache" time="0.001" /><testcase classname="tests.unit.test_coverage_boost.TestConnectionManager" name="test_connect" time="0.003" /><testcase classname="tests.unit.test_coverage_boost.TestConnectionManager" name="test_disconnect_existing" time="0.001" /><testcase classname="tests.unit.test_coverage_boost.TestConnectionManager" name="test_disconnect_nonexistent_room" time="0.001" /><testcase classname="tests.unit.test_coverage_boost.TestConnectionManager" name="test_broadcast_no_exclude" time="0.003" /><testcase classname="tests.unit.test_coverage_boost.TestConnectionManager" name="test_broadcast_with_exclude" time="0.004" /><testcase classname="tests.unit.test_coverage_boost.TestConnectionManager" name="test_broadcast_empty_room" time="0.002" /><testcase classname="tests.unit.test_coverage_boost.TestConnectionManager" name="test_broadcast_client_error" time="0.003" /><testcase classname="tests.unit.test_coverage_boost.TestConnectionManager" name="test_connect_multiple_to_same_room" time="0.004" /><testcase classname="tests.unit.test_coverage_boost.TestSeedCoverage" name="test_sample_users_defined" time="0.001" /><testcase classname="tests.unit.test_coverage_boost.TestSeedCoverage" name="test_sample_books_defined" time="0.001" /><testcase classname="tests.unit.test_coverage_boost.TestSeedCoverage" name="test_sample_reviews_defined" time="0.000" /><testcase classname="tests.unit.test_coverage_boost.TestSeedCoverage" name="test_seed_already_seeded" time="0.008" /><testcase classname="tests.unit.test_coverage_boost.TestSeedCoverage" name="test_seed_fresh_db" time="0.001" /><testcase classname="tests.unit.test_coverage_boost.TestSecurityCoverage" name="test_get_password_hash" time="0.010" /><testcase classname="tests.unit.test_coverage_boost.TestSecurityCoverage" name="test_verify_password_correct" time="0.018" /><testcase classname="tests.unit.test_coverage_boost.TestSecurityCoverage" name="test_verify_password_wrong" time="0.017" /><testcase classname="tests.unit.test_coverage_boost.TestSecurityCoverage" name="test_create_access_token" time="0.001" /><testcase classname="tests.unit.test_coverage_boost.TestSecurityCoverage" name="test_decode_valid_token" time="0.001" /><testcase classname="tests.unit.test_coverage_boost.TestSecurityCoverage" name="test_decode_invalid_token" time="0.001" /><testcase classname="tests.unit.test_coverage_boost.TestSecurityCoverage" name="test_create_refresh_token" time="0.001" /><testcase classname="tests.unit.test_coverage_boost.TestDbSessionCoverage" name="test_base_is_declarative" time="0.001" /><testcase classname="tests.unit.test_coverage_boost.TestDbSessionCoverage" name="test_get_db_is_generator" time="0.001" /><testcase classname="tests.unit.test_coverage_boost.TestDbSessionCoverage" name="test_get_db_yields" time="0.003" /><testcase classname="tests.unit.test_coverage_boost.TestDependenciesCoverage" name="test_get_current_user_invalid_token" time="0.002" /><testcase classname="tests.unit.test_coverage_boost.TestDependenciesCoverage" name="test_get_current_user_valid_token_no_user" time="0.003" /><testcase classname="tests.unit.test_coverage_boost.TestDependenciesCoverage" name="test_get_current_user_token_missing_sub" time="0.002" /><testcase classname="tests.unit.test_coverage_boost.TestDependenciesCoverage" name="test_get_current_user_wrong_token_type" time="0.002" /><testcase classname="tests.unit.test_db_seed.TestDatabaseSeed" name="test_seed_function_exists" time="0.006" /><testcase classname="tests.unit.test_db_seed.TestDatabaseSeed" name="test_seed_creates_tables" time="0.005" /><testcase classname="tests.unit.test_db_seed.TestDatabaseSeed" name="test_seed_with_exception" time="0.003" /><testcase classname="tests.unit.test_db_session.TestDatabaseSession" name="test_engine_exists" time="0.001" /><testcase classname="tests.unit.test_db_session.TestDatabaseSession" name="test_session_local_exists" time="0.001" /><testcase classname="tests.unit.test_db_session.TestDatabaseSession" name="test_get_db_generator" time="0.002" /><testcase classname="tests.unit.test_db_session.TestDatabaseSession" name="test_get_db_session_cleanup" time="0.002" /><testcase classname="tests.unit.test_db_session.TestDatabaseSession" name="test_session_local_creates_async_session" time="0.001" /><testcase classname="tests.unit.test_db_session.TestDatabaseSession" name="test_get_db_with_exception" time="0.001" /><testcase classname="tests.unit.test_db_session.TestDatabaseSession" name="test_database_configuration" time="0.001" /><testcase classname="tests.unit.test_db_session.TestDatabaseSession" name="test_multiple_db_sessions" time="0.002" /><testcase classname="tests.unit.test_dependencies.TestDependencies" name="test_get_current_user_success" time="0.005" /><testcase classname="tests.unit.test_dependencies.TestDependencies" name="test_get_current_user_invalid_token_no_payload" time="0.003" /><testcase classname="tests.unit.test_dependencies.TestDependencies" name="test_get_current_user_invalid_token_wrong_type" time="0.003" /><testcase classname="tests.unit.test_dependencies.TestDependencies" name="test_get_current_user_no_user_id" time="0.003" /><testcase classname="tests.unit.test_dependencies.TestDependencies" name="test_get_current_user_user_not_found" time="0.003" /><testcase classname="tests.unit.test_dependencies.TestDependencies" name="test_get_current_user_inactive_user" time="0.005" /><testcase classname="tests.unit.test_dependencies.TestDependencies" name="test_oauth2_scheme_configuration" time="0.001" /><testcase classname="tests.unit.test_friendship_model.TestFriendshipModel" name="test_friendship_creation_default_status" time="0.001" /><testcase classname="tests.unit.test_friendship_model.TestFriendshipModel" name="test_friendship_creation_custom_status" time="0.001" /><testcase classname="tests.unit.test_friendship_model.TestFriendshipModel" name="test_friendship_creation_with_kwargs" time="0.001" /><testcase classname="tests.unit.test_friendship_model.TestFriendshipModel" name="test_friendship_statuses" time="0.001" /><testcase classname="tests.unit.test_friendship_model.TestFriendshipModel" name="test_friendship_created_at_timezone" time="0.001" /><testcase classname="tests.unit.test_friendship_model.TestFriendshipModel" name="test_friendship_model_instantiation" time="0.000" /><testcase classname="tests.unit.test_friendship_model.TestFriendshipModel" name="test_friendship_str_representation" time="0.001" /><testcase classname="tests.unit.test_friendship_model.TestFriendshipModel" name="test_friendship_repr_representation" time="0.001" /><testcase classname="tests.unit.test_friendship_model.TestFriendshipModel" name="test_friendship_same_users_raises_error" time="0.002" /><testcase classname="tests.unit.test_friendship_model.TestFriendshipModel" name="test_friendship_invalid_status_raises_error" time="0.002" /><testcase classname="tests.unit.test_main_app.TestMainApp" name="test_app_creation" time="0.001" /><testcase classname="tests.unit.test_main_app.TestMainApp" name="test_app_routes" time="0.007" /><testcase classname="tests.unit.test_main_app.TestMainApp" name="test_app_cors_middleware" time="0.001" /><testcase classname="tests.unit.test_main_app.TestMainApp" name="test_app_health_check" time="0.004" /><testcase classname="tests.unit.test_main_app.TestMainApp" name="test_app_configuration" time="0.001" /><testcase classname="tests.unit.test_main_app.TestMainApp" name="test_app_docs_available" time="0.003" /><testcase classname="tests.unit.test_main_app.TestMainApp" name="test_app_openapi_available" time="0.134" /><testcase classname="tests.unit.test_main_app.TestMainApp" name="test_app_includes_api_router" time="0.001" /><testcase classname="tests.unit.test_main_app.TestMainApp" name="test_app_exception_handlers" time="0.001" /><testcase classname="tests.unit.test_main_seed_recs_comprehensive.TestMainSeedRecommendations" name="test_main_module_import" time="0.001" /><testcase classname="tests.unit.test_main_seed_recs_comprehensive.TestMainSeedRecommendations" name="test_app_import" time="0.000" /><testcase classname="tests.unit.test_main_seed_recs_comprehensive.TestMainSeedRecommendations" name="test_manager_import" time="0.001" /><testcase classname="tests.unit.test_main_seed_recs_comprehensive.TestMainSeedRecommendations" name="test_connection_manager_import" time="0.001" /><testcase classname="tests.unit.test_main_seed_recs_comprehensive.TestMainSeedRecommendations" name="test_lifespan_import" time="0.001" /><testcase classname="tests.unit.test_main_seed_recs_comprehensive.TestMainSeedRecommendations" name="test_seed_function_import" time="0.001" /><testcase classname="tests.unit.test_main_seed_recs_comprehensive.TestMainSeedRecommendations" name="test_sample_users_import" time="0.000" /><testcase classname="tests.unit.test_main_seed_recs_comprehensive.TestMainSeedRecommendations" name="test_sample_books_import" time="0.001" /><testcase classname="tests.unit.test_main_seed_recs_comprehensive.TestMainSeedRecommendations" name="test_sample_reviews_import" time="0.000" /><testcase classname="tests.unit.test_main_seed_recs_comprehensive.TestMainSeedRecommendations" name="test_recommendations_service_import" time="0.001" /><testcase classname="tests.unit.test_main_seed_recs_comprehensive.TestMainSeedRecommendations" name="test_recommendations_module_import" time="0.000" /><testcase classname="tests.unit.test_main_seed_recs_comprehensive.TestMainSeedRecommendations" name="test_main_module_structure" time="0.000" /><testcase classname="tests.unit.test_main_seed_recs_comprehensive.TestMainSeedRecommendations" name="test_app_is_fastapi_instance" time="0.000" /><testcase classname="tests.unit.test_main_seed_recs_comprehensive.TestMainSeedRecommendations" name="test_app_title" time="0.001" /><testcase classname="tests.unit.test_main_seed_recs_comprehensive.TestMainSeedRecommendations" name="test_app_version" time="0.000" /><testcase classname="tests.unit.test_main_seed_recs_comprehensive.TestMainSeedRecommendations" name="test_manager_is_connection_manager" time="0.001" /><testcase classname="tests.unit.test_main_seed_recs_comprehensive.TestMainSeedRecommendations" name="test_connection_manager_initialization" time="0.001" /><testcase classname="tests.unit.test_main_seed_recs_comprehensive.TestMainSeedRecommendations" name="test_connection_manager_active_attr" time="0.000" /><testcase classname="tests.unit.test_main_seed_recs_comprehensive.TestMainSeedRecommendations" name="test_recommendations_service_instantiation" time="0.000" /><testcase classname="tests.unit.test_main_seed_recs_comprehensive.TestMainSeedRecommendations" name="test_recommendations_service_methods" time="0.000" /><testcase classname="tests.unit.test_main_seed_recs_comprehensive.TestMainSeedRecommendations" name="test_sample_users_structure" time="0.001" /><testcase classname="tests.unit.test_main_seed_recs_comprehensive.TestMainSeedRecommendations" name="test_sample_books_structure" time="0.001" /><testcase classname="tests.unit.test_main_seed_recs_comprehensive.TestMainSeedRecommendations" name="test_sample_reviews_structure" time="0.000" /><testcase classname="tests.unit.test_main_seed_recs_comprehensive.TestMainSeedRecommendations" name="test_seed_module_structure" time="0.001" /><testcase classname="tests.unit.test_main_seed_recs_comprehensive.TestMainSeedRecommendations" name="test_recommendations_module_structure" time="0.001" /><testcase classname="tests.unit.test_main_seed_recs_comprehensive.TestMainSeedRecommendations" name="test_recommendations_service_is_class" time="0.000" /><testcase classname="tests.unit.test_main_seed_recs_comprehensive.TestMainSeedRecommendations" name="test_recommendations_service_attributes" time="0.001" /><testcase classname="tests.unit.test_main_seed_recs_comprehensive.TestMainSeedRecommendations" name="test_sample_users_count" time="0.000" /><testcase classname="tests.unit.test_main_seed_recs_comprehensive.TestMainSeedRecommendations" name="test_sample_books_count" time="0.000" /><testcase classname="tests.unit.test_main_seed_recs_comprehensive.TestMainSeedRecommendations" name="test_sample_reviews_count" time="0.000" /><testcase classname="tests.unit.test_main_seed_recs_comprehensive.TestMainSeedRecommendations" name="test_sample_users_unique_emails" time="0.000" /><testcase classname="tests.unit.test_main_seed_recs_comprehensive.TestMainSeedRecommendations" name="test_sample_reviews_valid_ratings" time="0.001" /><testcase classname="tests.unit.test_main_seed_recs_comprehensive.TestMainSeedRecommendations" name="test_sample_reviews_non_empty_content" time="0.001" /><testcase classname="tests.unit.test_main_seed_recs_comprehensive.TestMainSeedRecommendations" name="test_recommendations_service_multiple_instances" time="0.001" /><testcase classname="tests.unit.test_models_additional.TestUserModelAdditional" name="test_user_email_domain_validation" time="0.001" /><testcase classname="tests.unit.test_models_additional.TestUserModelAdditional" name="test_user_username_characters" time="0.001" /><testcase classname="tests.unit.test_models_additional.TestUserModelAdditional" name="test_user_full_name_international" time="0.001" /><testcase classname="tests.unit.test_models_additional.TestUserModelAdditional" name="test_user_bio_length_edge" time="0.001" /><testcase classname="tests.unit.test_models_additional.TestUserModelAdditional" name="test_user_city_international" time="0.001" /><testcase classname="tests.unit.test_models_additional.TestUserModelAdditional" name="test_user_avatar_url_schemes" time="0.001" /><testcase classname="tests.unit.test_models_additional.TestUserModelAdditional" name="test_user_activation_toggle" time="0.001" /><testcase classname="tests.unit.test_models_additional.TestBookModelAdditional" name="test_book_title_special_chars" time="0.001" /><testcase classname="tests.unit.test_models_additional.TestBookModelAdditional" name="test_book_author_formats" time="0.001" /><testcase classname="tests.unit.test_models_additional.TestBookModelAdditional" name="test_book_isbn_formats" time="0.001" /><testcase classname="tests.unit.test_models_additional.TestBookModelAdditional" name="test_book_description_length" time="0.001" /><testcase classname="tests.unit.test_models_additional.TestBookModelAdditional" name="test_book_genre_varieties" time="0.001" /><testcase classname="tests.unit.test_models_additional.TestBookModelAdditional" name="test_book_year_boundary" time="0.001" /><testcase classname="tests.unit.test_models_additional.TestBookModelAdditional" name="test_book_pages_boundary" time="0.001" /><testcase classname="tests.unit.test_models_additional.TestBookModelAdditional" name="test_book_language_varieties" time="0.001" /><testcase classname="tests.unit.test_models_additional.TestReviewModelAdditional" name="test_review_title_length_edge" time="0.001" /><testcase classname="tests.unit.test_models_additional.TestReviewModelAdditional" name="test_review_content_length_edge" time="0.001" /><testcase classname="tests.unit.test_models_additional.TestReviewModelAdditional" name="test_review_rating_all_values" time="0.001" /><testcase classname="tests.unit.test_models_additional.TestReviewModelAdditional" name="test_review_spoiler_combinations" time="0.001" /><testcase classname="tests.unit.test_models_additional.TestExchangeModelAdditional" name="test_exchange_message_length_edge" time="0.001" /><testcase classname="tests.unit.test_models_additional.TestExchangeModelAdditional" name="test_exchange_status_all_values" time="0.001" /><testcase classname="tests.unit.test_models_additional.TestExchangeModelAdditional" name="test_exchange_user_combinations" time="0.001" /><testcase classname="tests.unit.test_models_additional.TestWishlistItemModelAdditional" name="test_wishlist_priority_all_values" time="0.001" /><testcase classname="tests.unit.test_models_additional.TestWishlistItemModelAdditional" name="test_wishlist_notes_length_edge" time="0.001" /><testcase classname="tests.unit.test_models_additional.TestWishlistItemModelAdditional" name="test_wishlist_user_combinations" time="0.001" /><testcase classname="tests.unit.test_models_additional.TestMessageModelAdditional" name="test_message_content_length_edge" time="0.001" /><testcase classname="tests.unit.test_models_additional.TestMessageModelAdditional" name="test_message_read_status_all" time="0.001" /><testcase classname="tests.unit.test_models_additional.TestMessageModelAdditional" name="test_message_user_combinations" time="0.001" /><testcase classname="tests.unit.test_models_additional.TestFriendshipModelAdditional" name="test_friendship_status_all_values" time="0.001" /><testcase classname="tests.unit.test_models_additional.TestFriendshipModelAdditional" name="test_friendship_user_combinations" time="0.001" /><testcase classname="tests.unit.test_models_additional.TestModelEdgeCasesAdditional" name="test_unicode_comprehensive" time="0.001" /><testcase classname="tests.unit.test_models_additional.TestModelEdgeCasesAdditional" name="test_special_characters_comprehensive" time="0.001" /><testcase classname="tests.unit.test_models_additional.TestModelEdgeCasesAdditional" name="test_maximum_values_comprehensive" time="0.001" /><testcase classname="tests.unit.test_models_additional.TestModelEdgeCasesAdditional" name="test_minimum_values_comprehensive" time="0.001" /><testcase classname="tests.unit.test_models_final.TestUserModelFinal" name="test_user_creation_basic" time="0.001" /><testcase classname="tests.unit.test_models_final.TestUserModelFinal" name="test_user_creation_with_full_name" time="0.001" /><testcase classname="tests.unit.test_models_final.TestUserModelFinal" name="test_user_creation_with_bio" time="0.001" /><testcase classname="tests.unit.test_models_final.TestUserModelFinal" name="test_user_creation_with_city" time="0.001" /><testcase classname="tests.unit.test_models_final.TestUserModelFinal" name="test_user_creation_with_avatar" time="0.001" /><testcase classname="tests.unit.test_models_final.TestUserModelFinal" name="test_user_creation_inactive" time="0.001" /><testcase classname="tests.unit.test_models_final.TestUserModelFinal" name="test_user_email_lowercase" time="0.001" /><testcase classname="tests.unit.test_models_final.TestUserModelFinal" name="test_user_email_uppercase" time="0.001" /><testcase classname="tests.unit.test_models_final.TestUserModelFinal" name="test_user_username_numbers" time="0.001" /><testcase classname="tests.unit.test_models_final.TestUserModelFinal" name="test_user_username_underscore" time="0.001" /><testcase classname="tests.unit.test_models_final.TestUserModelFinal" name="test_user_username_hyphen" time="0.001" /><testcase classname="tests.unit.test_models_final.TestUserModelFinal" name="test_user_password_hash" time="0.001" /><testcase classname="tests.unit.test_models_final.TestUserModelFinal" name="test_user_str_method" time="0.001" /><testcase classname="tests.unit.test_models_final.TestUserModelFinal" name="test_user_repr_method" time="0.001" /><testcase classname="tests.unit.test_models_final.TestUserModelFinal" name="test_user_id_assignment" time="0.001" /><testcase classname="tests.unit.test_models_final.TestUserModelFinal" name="test_user_created_at_set" time="0.001" /><testcase classname="tests.unit.test_models_final.TestBookModelFinal" name="test_book_creation_basic" time="0.001" /><testcase classname="tests.unit.test_models_final.TestBookModelFinal" name="test_book_creation_with_isbn" time="0.001" /><testcase classname="tests.unit.test_models_final.TestBookModelFinal" name="test_book_creation_with_description" time="0.001" /><testcase classname="tests.unit.test_models_final.TestBookModelFinal" name="test_book_creation_with_genre" time="0.001" /><testcase classname="tests.unit.test_models_final.TestBookModelFinal" name="test_book_creation_with_year" time="0.001" /><testcase classname="tests.unit.test_models_final.TestBookModelFinal" name="test_book_creation_with_pages" time="0.001" /><testcase classname="tests.unit.test_models_final.TestBookModelFinal" name="test_book_creation_with_language" time="0.001" /><testcase classname="tests.unit.test_models_final.TestBookModelFinal" name="test_book_creation_with_cover" time="0.001" /><testcase classname="tests.unit.test_models_final.TestBookModelFinal" name="test_book_creation_unavailable" time="0.001" /><testcase classname="tests.unit.test_models_final.TestBookModelFinal" name="test_book_str_method" time="0.001" /><testcase classname="tests.unit.test_models_final.TestBookModelFinal" name="test_book_repr_method" time="0.001" /><testcase classname="tests.unit.test_models_final.TestBookModelFinal" name="test_book_id_assignment" time="0.001" /><testcase classname="tests.unit.test_models_final.TestReviewModelFinal" name="test_review_creation_basic" time="0.001" /><testcase classname="tests.unit.test_models_final.TestReviewModelFinal" name="test_review_creation_with_title" time="0.001" /><testcase classname="tests.unit.test_models_final.TestReviewModelFinal" name="test_review_creation_with_content" time="0.001" /><testcase classname="tests.unit.test_models_final.TestReviewModelFinal" name="test_review_creation_with_spoiler" time="0.001" /><testcase classname="tests.unit.test_models_final.TestReviewModelFinal" name="test_review_rating_one" time="0.001" /><testcase classname="tests.unit.test_models_final.TestReviewModelFinal" name="test_review_rating_two" time="0.001" /><testcase classname="tests.unit.test_models_final.TestReviewModelFinal" name="test_review_rating_three" time="0.001" /><testcase classname="tests.unit.test_models_final.TestReviewModelFinal" name="test_review_rating_four" time="0.001" /><testcase classname="tests.unit.test_models_final.TestReviewModelFinal" name="test_review_rating_five" time="0.001" /><testcase classname="tests.unit.test_models_final.TestReviewModelFinal" name="test_review_str_method" time="0.001" /><testcase classname="tests.unit.test_models_final.TestReviewModelFinal" name="test_review_repr_method" time="0.001" /><testcase classname="tests.unit.test_models_final.TestExchangeModelFinal" name="test_exchange_creation_basic" time="0.001" /><testcase classname="tests.unit.test_models_final.TestExchangeModelFinal" name="test_exchange_creation_with_message" time="0.001" /><testcase classname="tests.unit.test_models_final.TestExchangeModelFinal" name="test_exchange_status_pending" time="0.001" /><testcase classname="tests.unit.test_models_final.TestExchangeModelFinal" name="test_exchange_status_accepted" time="0.001" /><testcase classname="tests.unit.test_models_final.TestExchangeModelFinal" name="test_exchange_status_rejected" time="0.000" /><testcase classname="tests.unit.test_models_final.TestExchangeModelFinal" name="test_exchange_status_completed" time="0.001" /><testcase classname="tests.unit.test_models_final.TestExchangeModelFinal" name="test_exchange_status_cancelled" time="0.001" /><testcase classname="tests.unit.test_models_final.TestExchangeModelFinal" name="test_exchange_str_method" time="0.001" /><testcase classname="tests.unit.test_models_final.TestExchangeModelFinal" name="test_exchange_repr_method" time="0.001" /><testcase classname="tests.unit.test_models_final.TestWishlistItemModelFinal" name="test_wishlist_creation_basic" time="0.001" /><testcase classname="tests.unit.test_models_final.TestWishlistItemModelFinal" name="test_wishlist_creation_with_priority" time="0.001" /><testcase classname="tests.unit.test_models_final.TestWishlistItemModelFinal" name="test_wishlist_creation_with_notes" time="0.001" /><testcase classname="tests.unit.test_models_final.TestWishlistItemModelFinal" name="test_wishlist_priority_low" time="0.001" /><testcase classname="tests.unit.test_models_final.TestWishlistItemModelFinal" name="test_wishlist_priority_medium" time="0.000" /><testcase classname="tests.unit.test_models_final.TestWishlistItemModelFinal" name="test_wishlist_priority_high" time="0.001" /><testcase classname="tests.unit.test_models_final.TestWishlistItemModelFinal" name="test_wishlist_str_method" time="0.001" /><testcase classname="tests.unit.test_models_final.TestWishlistItemModelFinal" name="test_wishlist_repr_method" time="0.001" /><testcase classname="tests.unit.test_models_final.TestMessageModelFinal" name="test_message_creation_basic" time="0.001" /><testcase classname="tests.unit.test_models_final.TestMessageModelFinal" name="test_message_creation_read" time="0.001" /><testcase classname="tests.unit.test_models_final.TestMessageModelFinal" name="test_message_creation_unread" time="0.001" /><testcase classname="tests.unit.test_models_final.TestMessageModelFinal" name="test_message_content_short" time="0.001" /><testcase classname="tests.unit.test_models_final.TestMessageModelFinal" name="test_message_content_long" time="0.001" /><testcase classname="tests.unit.test_models_final.TestMessageModelFinal" name="test_message_str_method" time="0.001" /><testcase classname="tests.unit.test_models_final.TestMessageModelFinal" name="test_message_repr_method" time="0.001" /><testcase classname="tests.unit.test_models_final.TestFriendshipModelFinal" name="test_friendship_creation_basic" time="0.001" /><testcase classname="tests.unit.test_models_final.TestFriendshipModelFinal" name="test_friendship_creation_pending" time="0.001" /><testcase classname="tests.unit.test_models_final.TestFriendshipModelFinal" name="test_friendship_creation_accepted" time="0.000" /><testcase classname="tests.unit.test_models_final.TestFriendshipModelFinal" name="test_friendship_creation_blocked" time="0.001" /><testcase classname="tests.unit.test_models_final.TestFriendshipModelFinal" name="test_friendship_str_method" time="0.001" /><testcase classname="tests.unit.test_models_final.TestFriendshipModelFinal" name="test_friendship_repr_method" time="0.001" /><testcase classname="tests.unit.test_models_final.TestModelRelationshipsFinal" name="test_user_owns_books" time="0.001" /><testcase classname="tests.unit.test_models_final.TestModelRelationshipsFinal" name="test_user_writes_reviews" time="0.001" /><testcase classname="tests.unit.test_models_final.TestModelRelationshipsFinal" name="test_user_sends_exchanges" time="0.001" /><testcase classname="tests.unit.test_models_final.TestModelRelationshipsFinal" name="test_user_has_wishlist" time="0.001" /><testcase classname="tests.unit.test_models_final.TestModelRelationshipsFinal" name="test_user_sends_messages" time="0.001" /><testcase classname="tests.unit.test_models_final.TestModelRelationshipsFinal" name="test_user_has_friends" time="0.001" /><testcase classname="tests.unit.test_models_final.TestModelValidationFinal" name="test_user_email_required" time="0.001" /><testcase classname="tests.unit.test_models_final.TestModelValidationFinal" name="test_user_username_required" time="0.001" /><testcase classname="tests.unit.test_models_final.TestModelValidationFinal" name="test_user_password_required" time="0.001" /><testcase classname="tests.unit.test_models_final.TestModelValidationFinal" name="test_book_title_required" time="0.001" /><testcase classname="tests.unit.test_models_final.TestModelValidationFinal" name="test_book_author_required" time="0.001" /><testcase classname="tests.unit.test_models_final.TestModelValidationFinal" name="test_book_owner_id_required" time="0.001" /><testcase classname="tests.unit.test_models_final.TestModelValidationFinal" name="test_review_user_id_required" time="0.000" /><testcase classname="tests.unit.test_models_final.TestModelValidationFinal" name="test_review_book_id_required" time="0.001" /><testcase classname="tests.unit.test_models_final.TestModelValidationFinal" name="test_review_rating_required" time="0.000" /><testcase classname="tests.unit.test_models_final.TestModelValidationFinal" name="test_exchange_requester_id_required" time="0.001" /><testcase classname="tests.unit.test_models_final.TestModelValidationFinal" name="test_exchange_requested_user_id_required" time="0.001" /><testcase classname="tests.unit.test_models_final.TestModelValidationFinal" name="test_exchange_offered_book_id_required" time="0.001" /><testcase classname="tests.unit.test_models_final.TestModelValidationFinal" name="test_exchange_requested_book_id_required" time="0.001" /><testcase classname="tests.unit.test_models_final.TestModelValidationFinal" name="test_wishlist_user_id_required" time="0.001" /><testcase classname="tests.unit.test_models_final.TestModelValidationFinal" name="test_wishlist_book_id_required" time="0.001" /><testcase classname="tests.unit.test_models_final.TestModelValidationFinal" name="test_message_sender_id_required" time="0.001" /><testcase classname="tests.unit.test_models_final.TestModelValidationFinal" name="test_message_receiver_id_required" time="0.001" /><testcase classname="tests.unit.test_models_final.TestModelValidationFinal" name="test_message_content_required" time="0.001" /><testcase classname="tests.unit.test_models_final.TestModelValidationFinal" name="test_friendship_user_id_required" time="0.000" /><testcase classname="tests.unit.test_models_final.TestModelValidationFinal" name="test_friendship_friend_id_required" time="0.001" /><testcase classname="tests.unit.test_models_final.TestModelValidationFinal" name="test_friendship_basic_functionality" time="0.001" /><testcase classname="tests.unit.test_models_final.TestModelValidationFinal" name="test_friendship_attributes" time="0.001" /><testcase classname="tests.unit.test_patterns.TestSingletonPattern" name="test_singleton_meta_class" time="0.001" /><testcase classname="tests.unit.test_patterns.TestSingletonPattern" name="test_configuration_service_singleton" time="0.000" /><testcase classname="tests.unit.test_patterns.TestSingletonPattern" name="test_configuration_service_reload" time="0.000" /><testcase classname="tests.unit.test_patterns.TestFactoryPattern" name="test_service_factory_creation" time="0.001" /><testcase classname="tests.unit.test_patterns.TestFactoryPattern" name="test_service_factory_unknown_type" time="0.001" /><testcase classname="tests.unit.test_patterns.TestFactoryPattern" name="test_service_factory_registration" time="0.001" /><testcase classname="tests.unit.test_patterns.TestFactoryPattern" name="test_repository_factory_creation" time="0.001" /><testcase classname="tests.unit.test_patterns.TestFactoryPattern" name="test_service_container_caching" time="0.001" /><testcase classname="tests.unit.test_patterns.TestFactoryPattern" name="test_service_container_cache_clear" time="0.001" /><testcase classname="tests.unit.test_patterns.TestObserverPattern" name="test_event_creation" time="0.001" /><testcase classname="tests.unit.test_patterns.TestObserverPattern" name="test_event_manager_attach_detach" time="0.001" /><testcase classname="tests.unit.test_patterns.TestObserverPattern" name="test_event_manager_notify" time="0.003" /><testcase classname="tests.unit.test_patterns.TestObserverPattern" name="test_event_manager_multiple_observers" time="0.001" /><testcase classname="tests.unit.test_patterns.TestObserverPattern" name="test_event_manager_history_filtering" time="0.001" /><testcase classname="tests.unit.test_patterns.TestObserverPattern" name="test_logging_observer" time="0.000" /><testcase classname="tests.unit.test_patterns.TestObserverPattern" name="test_statistics_observer" time="0.001" /><testcase classname="tests.unit.test_patterns.TestObserverPattern" name="test_websocket_observer_client_management" time="0.001" /><testcase classname="tests.unit.test_patterns.TestPatternIntegration" name="test_singleton_with_observer_integration" time="0.002" /><testcase classname="tests.unit.test_patterns.TestPatternIntegration" name="test_factory_with_service_container_integration" time="0.001" /><testcase classname="tests.unit.test_recommendations_coverage.TestGenreLabels" name="test_all_genre_labels_present" time="0.001" /><testcase classname="tests.unit.test_recommendations_coverage.TestGenreLabels" name="test_genre_labels_are_strings" time="0.001" /><testcase classname="tests.unit.test_recommendations_coverage.TestGenreLabels" name="test_constants" time="0.001" /><testcase classname="tests.unit.test_recommendations_coverage.TestBuildPromptData" name="test_with_genres_and_books" time="0.001" /><testcase classname="tests.unit.test_recommendations_coverage.TestBuildPromptData" name="test_empty_genres" time="0.001" /><testcase classname="tests.unit.test_recommendations_coverage.TestBuildPromptData" name="test_many_books_truncated" time="0.001" /><testcase classname="tests.unit.test_recommendations_coverage.TestBuildPromptData" name="test_exactly_10_books" time="0.001" /><testcase classname="tests.unit.test_recommendations_coverage.TestBuildPrompt" name="test_prompt_contains_genre_info" time="0.001" /><testcase classname="tests.unit.test_recommendations_coverage.TestBuildPrompt" name="test_prompt_is_string" time="0.001" /><testcase classname="tests.unit.test_recommendations_coverage.TestCleanAiResponse" name="test_clean_response_without_markdown" time="0.001" /><testcase classname="tests.unit.test_recommendations_coverage.TestCleanAiResponse" name="test_clean_response_with_json_fence" time="0.001" /><testcase classname="tests.unit.test_recommendations_coverage.TestCleanAiResponse" name="test_clean_response_with_backtick_fence" time="0.001" /><testcase classname="tests.unit.test_recommendations_coverage.TestParseAiResponse" name="test_valid_json" time="0.001" /><testcase classname="tests.unit.test_recommendations_coverage.TestParseAiResponse" name="test_invalid_json_returns_empty" time="0.001" /><testcase classname="tests.unit.test_recommendations_coverage.TestParseAiResponse" name="test_empty_array" time="0.001" /><testcase classname="tests.unit.test_recommendations_coverage.TestGetAiRecommendations" name="test_get_ai_recommendations_makes_request" time="0.002" /><testcase classname="tests.unit.test_recommendations_coverage.TestGetAiRecommendations" name="test_get_ai_recommendations_network_error" time="0.001" /><testcase classname="tests.unit.test_recommendations_coverage.TestGetRecommendationsAsync" name="test_get_recommendations_fallback_on_error" time="0.002" /><testcase classname="tests.unit.test_recommendations_coverage.TestGetRecommendationsAsync" name="test_get_recommendations_success" time="0.002" /><testcase classname="tests.unit.test_recommendations_coverage.TestGetRecommendationsAsync" name="test_get_recommendations_empty_genres" time="0.002" /><testcase classname="tests.unit.test_recommendations_coverage.TestFallbackRecommendations" name="test_fallback_detective" time="0.001" /><testcase classname="tests.unit.test_recommendations_coverage.TestFallbackRecommendations" name="test_fallback_poetry" time="0.001" /><testcase classname="tests.unit.test_recommendations_coverage.TestFallbackRecommendations" name="test_fallback_fantasy" time="0.001" /><testcase classname="tests.unit.test_recommendations_coverage.TestFallbackRecommendations" name="test_fallback_romance" time="0.001" /><testcase classname="tests.unit.test_recommendations_coverage.TestFallbackRecommendations" name="test_fallback_history" time="0.001" /><testcase classname="tests.unit.test_recommendations_coverage.TestFallbackRecommendations" name="test_fallback_unknown_genre_uses_defaults" time="0.001" /><testcase classname="tests.unit.test_recommendations_coverage.TestFallbackRecommendations" name="test_fallback_empty_genres" time="0.001" /><testcase classname="tests.unit.test_recommendations_coverage.TestFallbackRecommendations" name="test_fallback_count_respected" time="0.001" /><testcase classname="tests.unit.test_recommendations_coverage.TestFallbackRecommendations" name="test_fallback_no_duplicates" time="0.001" /><testcase classname="tests.unit.test_recommendations_coverage.TestGenreBooks" name="test_get_detective_books" time="0.001" /><testcase classname="tests.unit.test_recommendations_coverage.TestGenreBooks" name="test_get_poetry_books" time="0.001" /><testcase classname="tests.unit.test_recommendations_coverage.TestGenreBooks" name="test_get_fantasy_books" time="0.001" /><testcase classname="tests.unit.test_recommendations_coverage.TestGenreBooks" name="test_get_romance_books" time="0.001" /><testcase classname="tests.unit.test_recommendations_coverage.TestGenreBooks" name="test_get_history_books" time="0.001" /><testcase classname="tests.unit.test_recommendations_coverage.TestGenreBooks" name="test_get_default_books" time="0.001" /><testcase classname="tests.unit.test_recommendations_coverage.TestGenreBooks" name="test_get_genre_books_dict" time="0.001" /><testcase classname="tests.unit.test_recommendations_coverage.TestHelperMethods" name="test_genre_matches_true" time="0.001" /><testcase classname="tests.unit.test_recommendations_coverage.TestHelperMethods" name="test_genre_matches_partial" time="0.001" /><testcase classname="tests.unit.test_recommendations_coverage.TestHelperMethods" name="test_genre_matches_false" time="0.001" /><testcase classname="tests.unit.test_recommendations_coverage.TestHelperMethods" name="test_should_add_book_true" time="0.001" /><testcase classname="tests.unit.test_recommendations_coverage.TestHelperMethods" name="test_should_add_book_already_used" time="0.001" /><testcase classname="tests.unit.test_recommendations_coverage.TestHelperMethods" name="test_should_add_book_count_reached" time="0.001" /><testcase classname="tests.unit.test_recommendations_coverage.TestHelperMethods" name="test_add_books_to_recommendations" time="0.001" /><testcase classname="tests.unit.test_recommendations_coverage.TestHelperMethods" name="test_fill_with_defaults" time="0.001" /><testcase classname="tests.unit.test_recommendations_coverage.TestHelperMethods" name="test_fill_with_defaults_skips_used" time="0.001" /><testcase classname="tests.unit.test_recommendations_coverage.TestHelperMethods" name="test_find_matching_books_for_genre" time="0.001" /><testcase classname="tests.unit.test_recommendations_coverage.TestHelperMethods" name="test_find_matching_books_no_match" time="0.001" /><testcase classname="tests.unit.test_recommendations_coverage.TestHelperMethods" name="test_add_genre_books" time="0.001" /><testcase classname="tests.unit.test_recommendations_service.TestRecommendationService" name="test_genre_labels_exist" time="0.001" /><testcase classname="tests.unit.test_recommendations_service.TestRecommendationService" name="test_genre_constants" time="0.001" /><testcase classname="tests.unit.test_recommendations_service.TestRecommendationService" name="test_genre_labels_mapping" time="0.001" /><testcase classname="tests.unit.test_recommendations_service.TestRecommendationService" name="test_recommendations_module_imports" time="0.001" /><testcase classname="tests.unit.test_repositories_comprehensive.TestRepositoriesComprehensive" name="test_repositories_module_import" time="0.001" /><testcase classname="tests.unit.test_repositories_comprehensive.TestRepositoriesComprehensive" name="test_user_repository_import" time="0.000" /><testcase classname="tests.unit.test_repositories_comprehensive.TestRepositoriesComprehensive" name="test_book_repository_import" time="0.001" /><testcase classname="tests.unit.test_repositories_comprehensive.TestRepositoriesComprehensive" name="test_review_repository_import" time="0.001" /><testcase classname="tests.unit.test_repositories_comprehensive.TestRepositoriesComprehensive" name="test_exchange_repository_import" time="0.000" /><testcase classname="tests.unit.test_repositories_comprehensive.TestRepositoriesComprehensive" name="test_base_repository_import" time="0.000" /><testcase classname="tests.unit.test_repositories_comprehensive.TestRepositoriesComprehensive" name="test_repositories_module_structure" time="0.001" /><testcase classname="tests.unit.test_repositories_comprehensive.TestRepositoriesComprehensive" name="test_repository_classes_are_callable" time="0.001" /><testcase classname="tests.unit.test_repositories_comprehensive.TestRepositoriesComprehensive" name="test_repository_instantiation" time="0.001" /><testcase classname="tests.unit.test_repositories_comprehensive.TestRepositoriesComprehensive" name="test_repository_inheritance" time="0.001" /><testcase classname="tests.unit.test_repositories_comprehensive.TestRepositoriesComprehensive" name="test_repository_methods_exist" time="0.001" /><testcase classname="tests.unit.test_repositories_comprehensive.TestRepositoriesComprehensive" name="test_repository_multiple_instances" time="0.002" /><testcase classname="tests.unit.test_repositories_comprehensive.TestRepositoriesComprehensive" name="test_repository_class_attributes" time="0.001" /><testcase classname="tests.unit.test_repositories_comprehensive.TestRepositoriesComprehensive" name="test_repository_string_representation" time="0.001" /><testcase classname="tests.unit.test_repositories_comprehensive.TestRepositoriesComprehensive" name="test_repository_equality" time="0.001" /><testcase classname="tests.unit.test_repositories_comprehensive.TestRepositoriesComprehensive" name="test_repository_type_check" time="0.001" /><testcase classname="tests.unit.test_repositories_comprehensive.TestRepositoriesComprehensive" name="test_repository_directory" time="0.001" /><testcase classname="tests.unit.test_repositories_comprehensive.TestRepositoriesComprehensive" name="test_repository_subclass_check" time="0.001" /><testcase classname="tests.unit.test_repositories_comprehensive.TestRepositoriesComprehensive" name="test_repository_module_attributes" time="0.001" /><testcase classname="tests.unit.test_repositories_comprehensive.TestRepositoriesComprehensive" name="test_repository_import_all" time="0.001" /><testcase classname="tests.unit.test_repositories_comprehensive.TestRepositoriesComprehensive" name="test_repository_with_none_db" time="0.001" /><testcase classname="tests.unit.test_repositories_comprehensive.TestRepositoriesComprehensive" name="test_repository_docstring" time="0.000" /><testcase classname="tests.unit.test_repositories_mocked.TestUserRepositoryMocked" name="test_get_by_id_none" time="0.005" /><testcase classname="tests.unit.test_repositories_mocked.TestUserRepositoryMocked" name="test_get_by_email_none" time="0.005" /><testcase classname="tests.unit.test_repositories_mocked.TestUserRepositoryMocked" name="test_get_by_username_none" time="0.005" /><testcase classname="tests.unit.test_repositories_mocked.TestUserRepositoryMocked" name="test_get_by_id_found" time="0.006" /><testcase classname="tests.unit.test_repositories_mocked.TestUserRepositoryMocked" name="test_get_all_users" time="0.007" /><testcase classname="tests.unit.test_repositories_mocked.TestUserRepositoryMocked" name="test_get_all_with_pagination" time="0.005" /><testcase classname="tests.unit.test_repositories_mocked.TestReviewRepositoryMocked" name="test_get_by_id" time="0.006" /><testcase classname="tests.unit.test_repositories_mocked.TestReviewRepositoryMocked" name="test_get_by_book_id" time="0.005" /><testcase classname="tests.unit.test_repositories_mocked.TestReviewRepositoryMocked" name="test_get_by_book" time="0.005" /><testcase classname="tests.unit.test_repositories_mocked.TestReviewRepositoryMocked" name="test_get_by_user" time="0.005" /><testcase classname="tests.unit.test_repositories_mocked.TestReviewRepositoryMocked" name="test_get_user_review_for_book" time="0.005" /><testcase classname="tests.unit.test_repositories_mocked.TestReviewRepositoryMocked" name="test_get_by_user_and_book" time="0.005" /><testcase classname="tests.unit.test_repositories_mocked.TestReviewRepositoryMocked" name="test_get_by_book_with_pagination" time="0.005" /><testcase classname="tests.unit.test_repositories_mocked.TestExchangeRepositoryMocked" name="test_get_by_id" time="0.005" /><testcase classname="tests.unit.test_repositories_mocked.TestExchangeRepositoryMocked" name="test_get_by_user_id" time="0.004" /><testcase classname="tests.unit.test_repositories_mocked.TestExchangeRepositoryMocked" name="test_get_active_exchange" time="0.005" /><testcase classname="tests.unit.test_repositories_mocked.TestExchangeRepositoryMocked" name="test_get_by_id_found" time="0.006" /><testcase classname="tests.unit.test_repositories_mocked.TestExchangeRepositoryMocked" name="test_create_exchange" time="0.006" /><testcase classname="tests.unit.test_repositories_mocked.TestWishlistRepositoryMocked" name="test_get_by_id" time="0.004" /><testcase classname="tests.unit.test_repositories_mocked.TestWishlistRepositoryMocked" name="test_get_user_wishlist" time="0.005" /><testcase classname="tests.unit.test_repositories_mocked.TestWishlistRepositoryMocked" name="test_get_item" time="0.005" /><testcase classname="tests.unit.test_repositories_mocked.TestWishlistRepositoryMocked" name="test_get_by_user_id" time="0.005" /><testcase classname="tests.unit.test_repositories_mocked.TestWishlistRepositoryMocked" name="test_get_by_user_and_book" time="0.005" /><testcase classname="tests.unit.test_repositories_mocked.TestWishlistRepositoryMocked" name="test_get_by_user_and_book_found" time="0.006" /><testcase classname="tests.unit.test_repositories_mocked.TestMessageRepositoryMocked" name="test_get_by_id" time="0.004" /><testcase classname="tests.unit.test_repositories_mocked.TestMessageRepositoryMocked" name="test_get_exchange_messages" time="0.005" /><testcase classname="tests.unit.test_repositories_mocked.TestMessageRepositoryMocked" name="test_get_conversation" time="0.005" /><testcase classname="tests.unit.test_repositories_mocked.TestMessageRepositoryMocked" name="test_get_unread_by_receiver" time="0.005" /><testcase classname="tests.unit.test_repositories_mocked.TestMessageRepositoryMocked" name="test_get_by_id_found" time="0.006" /><testcase classname="tests.unit.test_repositories_mocked.TestFriendshipRepositoryMocked" name="test_get_by_id" time="0.004" /><testcase classname="tests.unit.test_repositories_mocked.TestFriendshipRepositoryMocked" name="test_get_friendship" time="0.005" /><testcase classname="tests.unit.test_repositories_mocked.TestFriendshipRepositoryMocked" name="test_get_between_users" time="0.005" /><testcase classname="tests.unit.test_repositories_mocked.TestFriendshipRepositoryMocked" name="test_get_accepted_friendships" time="0.005" /><testcase classname="tests.unit.test_repositories_mocked.TestFriendshipRepositoryMocked" name="test_get_pending_requests" time="0.005" /><testcase classname="tests.unit.test_repositories_mocked.TestFriendshipRepositoryMocked" name="test_create_friendship" time="0.007" /><testcase classname="tests.unit.test_repositories_mocked.TestFriendshipRepositoryMocked" name="test_get_between_users_found" time="0.006" /><testcase classname="tests.unit.test_repositories_mocked.TestBaseRepositoryMocked" name="test_get_returns_none" time="0.004" /><testcase classname="tests.unit.test_repositories_mocked.TestBaseRepositoryMocked" name="test_get_all" time="0.004" /><testcase classname="tests.unit.test_repositories_mocked.TestBaseRepositoryMocked" name="test_count" time="0.005" /><testcase classname="tests.unit.test_repositories_mocked.TestBaseRepositoryMocked" name="test_create" time="0.006" /><testcase classname="tests.unit.test_repositories_mocked.TestBaseRepositoryMocked" name="test_update_not_found" time="0.005" /><testcase classname="tests.unit.test_repositories_mocked.TestBaseRepositoryMocked" name="test_update_found" time="0.086" /><testcase classname="tests.unit.test_repositories_mocked.TestBaseRepositoryMocked" name="test_delete" time="0.006" /><testcase classname="tests.unit.test_repositories_mocked.TestBaseRepositoryMocked" name="test_get_all_with_pagination" time="0.005" /><testcase classname="tests.unit.test_routes_full.TestAuthRoutes" name="test_register_calls_auth_service" time="0.019" /><testcase classname="tests.unit.test_routes_full.TestAuthRoutes" name="test_login_calls_auth_service" time="0.010" /><testcase classname="tests.unit.test_routes_full.TestAuthRoutes" name="test_register_service_error_returns_error" time="0.008" /><testcase classname="tests.unit.test_routes_full.TestAuthRoutes" name="test_login_invalid_credentials" time="0.008" /><testcase classname="tests.unit.test_routes_full.TestUsersRoutes" name="test_get_me_returns_current_user" time="0.008" /><testcase classname="tests.unit.test_routes_full.TestUsersRoutes" name="test_update_me_calls_user_service" time="0.009" /><testcase classname="tests.unit.test_routes_full.TestUsersRoutes" name="test_search_users" time="0.010" /><testcase classname="tests.unit.test_routes_full.TestUsersRoutes" name="test_get_user_by_id" time="0.008" /><testcase classname="tests.unit.test_routes_full.TestUsersRoutes" name="test_get_user_reviews" time="0.009" /><testcase classname="tests.unit.test_routes_full.TestUsersRoutes" name="test_update_me_service_error" time="0.008" /><testcase classname="tests.unit.test_routes_full.TestUsersRoutes" name="test_search_users_empty_results" time="0.010" /><testcase classname="tests.unit.test_routes_full.TestBooksRoutes" name="test_get_books_list" time="0.008" /><testcase classname="tests.unit.test_routes_full.TestBooksRoutes" name="test_get_books_with_genre_filter" time="0.008" /><testcase classname="tests.unit.test_routes_full.TestBooksRoutes" name="test_get_books_with_available_filter" time="0.008" /><testcase classname="tests.unit.test_routes_full.TestBooksRoutes" name="test_get_books_with_owner_filter" time="0.010" /><testcase classname="tests.unit.test_routes_full.TestBooksRoutes" name="test_get_books_with_query" time="0.008" /><testcase classname="tests.unit.test_routes_full.TestBooksRoutes" name="test_get_book_by_id" time="0.011" /><testcase classname="tests.unit.test_routes_full.TestBooksRoutes" name="test_create_book" time="0.013" /><testcase classname="tests.unit.test_routes_full.TestBooksRoutes" name="test_update_book" time="0.010" /><testcase classname="tests.unit.test_routes_full.TestBooksRoutes" name="test_delete_book" time="0.008" /><testcase classname="tests.unit.test_routes_full.TestBooksRoutes" name="test_get_book_reviews" time="0.009" /><testcase classname="tests.unit.test_routes_full.TestBooksRoutes" name="test_get_books_pagination" time="0.008" /><testcase classname="tests.unit.test_routes_full.TestReviewsRoutes" name="test_create_review" time="0.010" /><testcase classname="tests.unit.test_routes_full.TestReviewsRoutes" name="test_update_review" time="0.010" /><testcase classname="tests.unit.test_routes_full.TestReviewsRoutes" name="test_delete_review" time="0.009" /><testcase classname="tests.unit.test_routes_full.TestExchangesRoutes" name="test_list_exchanges" time="0.008" /><testcase classname="tests.unit.test_routes_full.TestExchangesRoutes" name="test_my_exchanges" time="0.009" /><testcase classname="tests.unit.test_routes_full.TestExchangesRoutes" name="test_exchanges_between_users" time="0.010" /><testcase classname="tests.unit.test_routes_full.TestExchangesRoutes" name="test_create_exchange" time="0.025" /><testcase classname="tests.unit.test_routes_full.TestExchangesRoutes" name="test_accept_exchange" time="0.023" /><testcase classname="tests.unit.test_routes_full.TestExchangesRoutes" name="test_reject_exchange" time="0.022" /><testcase classname="tests.unit.test_routes_full.TestExchangesRoutes" name="test_complete_exchange" time="0.021" /><testcase classname="tests.unit.test_routes_full.TestWishlistRoutes" name="test_get_wishlist" time="0.095" /><testcase classname="tests.unit.test_routes_full.TestWishlistRoutes" name="test_add_to_wishlist" time="0.014" /><testcase classname="tests.unit.test_routes_full.TestWishlistRoutes" name="test_remove_from_wishlist" time="0.008" /><testcase classname="tests.unit.test_routes_full.TestChatRoutes" name="test_get_messages" time="0.010" /><testcase classname="tests.unit.test_routes_full.TestChatRoutes" name="test_send_message" time="0.011" /><testcase classname="tests.unit.test_routes_full.TestFriendsRoutes" name="test_add_friend" time="0.009" /><testcase classname="tests.unit.test_routes_full.TestFriendsRoutes" name="test_get_friends" time="0.008" /><testcase classname="tests.unit.test_routes_full.TestRecommendationsRoutes" name="test_get_recommendations_no_genres" time="0.009" /><testcase classname="tests.unit.test_routes_full.TestRecommendationsRoutes" name="test_get_recommendations_with_genres" time="0.010" /><testcase classname="tests.unit.test_routes_full.TestRecommendationsRoutes" name="test_get_recommendations_with_read_books" time="0.009" /><testcase classname="tests.unit.test_routes_full.TestHealthRoute" name="test_health_check" time="0.007" /><testcase classname="tests.unit.test_routes_full.TestHealthRoute" name="test_health_check_contains_expected_fields" time="0.007" /><testcase classname="tests.unit.test_services_comprehensive.TestAuthService" name="test_register_user_success" time="0.012" /><testcase classname="tests.unit.test_services_comprehensive.TestAuthService" name="test_register_user_duplicate_email" time="0.003" /><testcase classname="tests.unit.test_services_comprehensive.TestAuthService" name="test_register_user_duplicate_username" time="0.003" /><testcase classname="tests.unit.test_services_comprehensive.TestAuthService" name="test_login_success" time="0.004" /><testcase classname="tests.unit.test_services_comprehensive.TestAuthService" name="test_login_invalid_credentials" time="0.020" /><testcase classname="tests.unit.test_services_comprehensive.TestAuthService" name="test_login_user_not_found" time="0.002" /><testcase classname="tests.unit.test_services_comprehensive.TestAuthService" name="test_login_inactive_user" time="0.020" /><testcase classname="tests.unit.test_services_comprehensive.TestAuthService" name="test_get_current_user_success" time="0.002" /><testcase classname="tests.unit.test_services_comprehensive.TestAuthService" name="test_get_current_user_not_found" time="0.003" /><testcase classname="tests.unit.test_services_comprehensive.TestUserService" name="test_get_user_by_id_success" time="0.002" /><testcase classname="tests.unit.test_services_comprehensive.TestUserService" name="test_get_user_by_id_not_found" time="0.002" /><testcase classname="tests.unit.test_services_comprehensive.TestUserService" name="test_get_user_by_email_success" time="0.002" /><testcase classname="tests.unit.test_services_comprehensive.TestUserService" name="test_update_user_profile_success" time="0.002" /><testcase classname="tests.unit.test_services_comprehensive.TestUserService" name="test_update_user_profile_not_found" time="0.002" /><testcase classname="tests.unit.test_services_comprehensive.TestUserService" name="test_deactivate_user_success" time="0.003" /><testcase classname="tests.unit.test_services_comprehensive.TestUserService" name="test_search_users_success" time="0.002" /><testcase classname="tests.unit.test_services_comprehensive.TestBookService" name="test_create_book_success" time="0.004" /><testcase classname="tests.unit.test_services_comprehensive.TestBookService" name="test_create_book_user_not_found" time="0.003" /><testcase classname="tests.unit.test_services_comprehensive.TestBookService" name="test_get_book_by_id_success" time="0.002" /><testcase classname="tests.unit.test_services_comprehensive.TestBookService" name="test_get_book_by_id_not_found" time="0.003" /><testcase classname="tests.unit.test_services_comprehensive.TestBookService" name="test_update_book_success" time="0.003" /><testcase classname="tests.unit.test_services_comprehensive.TestBookService" name="test_update_book_unauthorized" time="0.004" /><testcase classname="tests.unit.test_services_comprehensive.TestBookService" name="test_delete_book_success" time="0.004" /><testcase classname="tests.unit.test_services_comprehensive.TestBookService" name="test_delete_book_unauthorized" time="0.004" /><testcase classname="tests.unit.test_services_comprehensive.TestBookService" name="test_search_books_success" time="0.003" /><testcase classname="tests.unit.test_services_comprehensive.TestBookService" name="test_get_user_books_success" time="0.003" /><testcase classname="tests.unit.test_services_comprehensive.TestReviewService" name="test_create_review_success" time="0.005" /><testcase classname="tests.unit.test_services_comprehensive.TestReviewService" name="test_create_review_duplicate" time="0.005" /><testcase classname="tests.unit.test_services_comprehensive.TestReviewService" name="test_create_review_invalid_rating" time="0.004" /><testcase classname="tests.unit.test_services_comprehensive.TestReviewService" name="test_get_book_reviews_success" time="0.003" /><testcase classname="tests.unit.test_services_comprehensive.TestReviewService" name="test_update_review_success" time="0.003" /><testcase classname="tests.unit.test_services_comprehensive.TestReviewService" name="test_update_review_unauthorized" time="0.004" /><testcase classname="tests.unit.test_services_comprehensive.TestReviewService" name="test_delete_review_success" time="0.003" /><testcase classname="tests.unit.test_services_comprehensive.TestReviewService" name="test_delete_review_unauthorized" time="0.004" /><testcase classname="tests.unit.test_services_comprehensive.TestExchangeService" name="test_create_exchange_request_success" time="0.006" /><testcase classname="tests.unit.test_services_comprehensive.TestExchangeService" name="test_create_exchange_request_same_user" time="0.004" /><testcase classname="tests.unit.test_services_comprehensive.TestExchangeService" name="test_create_exchange_request_book_not_available" time="0.005" /><testcase classname="tests.unit.test_services_comprehensive.TestExchangeService" name="test_accept_exchange_success" time="0.005" /><testcase classname="tests.unit.test_services_comprehensive.TestExchangeService" name="test_accept_exchange_unauthorized" time="0.004" /><testcase classname="tests.unit.test_services_comprehensive.TestExchangeService" name="test_reject_exchange_success" time="0.003" /><testcase classname="tests.unit.test_services_comprehensive.TestExchangeService" name="test_complete_exchange_success" time="0.004" /><testcase classname="tests.unit.test_services_comprehensive.TestExchangeService" name="test_get_user_exchanges_success" time="0.003" /><testcase classname="tests.unit.test_services_comprehensive.TestWishlistService" name="test_add_to_wishlist_success" time="0.004" /><testcase classname="tests.unit.test_services_comprehensive.TestWishlistService" name="test_add_to_wishlist_duplicate" time="0.004" /><testcase classname="tests.unit.test_services_comprehensive.TestWishlistService" name="test_remove_from_wishlist_success" time="0.003" /><testcase classname="tests.unit.test_services_comprehensive.TestWishlistService" name="test_get_user_wishlist_success" time="0.004" /><testcase classname="tests.unit.test_services_comprehensive.TestWishlistService" name="test_update_wishlist_item_success" time="0.003" /><testcase classname="tests.unit.test_services_comprehensive.TestChatService" name="test_send_message_success" time="0.004" /><testcase classname="tests.unit.test_services_comprehensive.TestChatService" name="test_send_message_to_self" time="0.003" /><testcase classname="tests.unit.test_services_comprehensive.TestChatService" name="test_send_message_user_not_found" time="0.004" /><testcase classname="tests.unit.test_services_comprehensive.TestChatService" name="test_get_conversation_success" time="0.003" /><testcase classname="tests.unit.test_services_comprehensive.TestChatService" name="test_mark_message_as_read_success" time="0.003" /><testcase classname="tests.unit.test_services_comprehensive.TestChatService" name="test_mark_message_as_read_unauthorized" time="0.004" /><testcase classname="tests.unit.test_services_comprehensive.TestChatService" name="test_get_unread_messages_success" time="0.003" /><testcase classname="tests.unit.test_services_comprehensive.TestFriendshipService" name="test_send_friend_request_success" time="0.004" /><testcase classname="tests.unit.test_services_comprehensive.TestFriendshipService" name="test_send_friend_request_to_self" time="0.004" /><testcase classname="tests.unit.test_services_comprehensive.TestFriendshipService" name="test_send_friend_request_duplicate" time="0.005" /><testcase classname="tests.unit.test_services_comprehensive.TestFriendshipService" name="test_accept_friend_request_success" time="0.003" /><testcase classname="tests.unit.test_services_comprehensive.TestFriendshipService" name="test_accept_friend_request_unauthorized" time="0.004" /><testcase classname="tests.unit.test_services_comprehensive.TestFriendshipService" name="test_reject_friend_request_success" time="0.004" /><testcase classname="tests.unit.test_services_comprehensive.TestFriendshipService" name="test_get_user_friends_success" time="0.003" /><testcase classname="tests.unit.test_services_comprehensive.TestFriendshipService" name="test_get_friend_requests_success" time="0.003" /><testcase classname="tests.unit.test_services_comprehensive.TestFriendshipService" name="test_remove_friend_success" time="0.003" /><testcase classname="tests.unit.test_services_comprehensive.TestFriendshipService" name="test_block_user_success" time="0.004" /><testcase classname="tests.unit.test_services_comprehensive.TestFriendshipService" name="test_unblock_user_success" time="0.003" /><testcase classname="tests.unit.test_simple_models.TestUserModel" name="test_user_model_instantiation" time="0.001" /><testcase classname="tests.unit.test_simple_models.TestUserModel" name="test_user_model_has_attributes" time="0.001" /><testcase classname="tests.unit.test_simple_models.TestBookModel" name="test_book_model_instantiation" time="0.001" /><testcase classname="tests.unit.test_simple_models.TestBookModel" name="test_book_model_has_attributes" time="0.001" /><testcase classname="tests.unit.test_simple_models.TestReviewModel" name="test_review_model_instantiation" time="0.001" /><testcase classname="tests.unit.test_simple_models.TestReviewModel" name="test_review_model_has_attributes" time="0.001" /><testcase classname="tests.unit.test_simple_models.TestExchangeModel" name="test_exchange_model_instantiation" time="0.001" /><testcase classname="tests.unit.test_simple_models.TestExchangeModel" name="test_exchange_model_has_attributes" time="0.001" /><testcase classname="tests.unit.test_simple_models.TestModelBasics" name="test_models_are_different_classes" time="0.001" /><testcase classname="tests.unit.test_simple_models.TestModelBasics" name="test_models_have_id_attribute" time="0.001" /><testcase classname="tests.unit.test_simple_models.TestModelRelationships" name="test_user_book_relationship" time="0.001" /><testcase classname="tests.unit.test_simple_models.TestModelRelationships" name="test_book_review_relationship" time="0.001" /><testcase classname="tests.unit.test_simple_models.TestModelStringRepresentation" name="test_user_str_representation" time="0.001" /><testcase classname="tests.unit.test_simple_models.TestModelStringRepresentation" name="test_book_str_representation" time="0.001" /><testcase classname="tests.unit.test_simple_models.TestModelStringRepresentation" name="test_review_str_representation" time="0.001" /><testcase classname="tests.unit.test_simple_models.TestModelValidation" name="test_model_validation_exists" time="0.001" /><testcase classname="tests.unit.test_simple_models.TestModelIntegration" name="test_model_imports_work" time="0.001" /><testcase classname="tests.unit.test_simple_models.TestModelIntegration" name="test_model_module_structure" time="0.001" /><testcase classname="tests.unit.test_simple_repositories.TestRepositoryBasics" name="test_async_session_import" time="0.001" /><testcase classname="tests.unit.test_simple_repositories.TestRepositoryBasics" name="test_mock_database_creation" time="0.002" /><testcase classname="tests.unit.test_simple_repositories.TestRepositoryBasics" name="test_repository_imports" time="0.001" /><testcase classname="tests.unit.test_simple_repositories.TestRepositoryBasics" name="test_repository_pattern" time="0.001" /><testcase classname="tests.unit.test_simple_repositories.TestRepositoryMethods" name="test_async_repository_methods" time="0.001" /><testcase classname="tests.unit.test_simple_repositories.TestRepositoryMocking" name="test_repository_mock_creation" time="0.002" /><testcase classname="tests.unit.test_simple_repositories.TestRepositoryMocking" name="test_repository_mock_return_values" time="0.001" /><testcase classname="tests.unit.test_simple_repositories.TestRepositoryMocking" name="test_repository_database_mock" time="0.002" /><testcase classname="tests.unit.test_simple_repositories.TestRepositoryStructure" name="test_repository_class_structure" time="0.001" /><testcase classname="tests.unit.test_simple_repositories.TestRepositoryStructure" name="test_repository_inheritance_pattern" time="0.001" /><testcase classname="tests.unit.test_simple_repositories.TestRepositoryIntegration" name="test_repository_service_integration" time="0.001" /><testcase classname="tests.unit.test_simple_repositories.TestRepositoryIntegration" name="test_repository_dependency_injection" time="0.001" /><testcase classname="tests.unit.test_simple_repositories.TestRepositoryErrorHandling" name="test_repository_not_found_handling" time="0.001" /><testcase classname="tests.unit.test_simple_repositories.TestRepositoryErrorHandling" name="test_repository_validation_handling" time="0.001" /><testcase classname="tests.unit.test_simple_repositories.TestRepositoryPerformance" name="test_repository_caching_pattern" time="0.001" /><testcase classname="tests.unit.test_simple_repositories.TestRepositoryPerformance" name="test_repository_batch_operations" time="0.001" /><testcase classname="tests.unit.test_simple_repositories.TestRepositoriesModule" name="test_repositories_module_import" time="0.000" /><testcase classname="tests.unit.test_simple_repositories.TestRepositoriesModule" name="test_user_repository_import" time="0.001" /><testcase classname="tests.unit.test_simple_repositories.TestRepositoriesModule" name="test_book_repository_import" time="0.001" /><testcase classname="tests.unit.test_simple_repositories.TestRepositoriesModule" name="test_review_repository_import" time="0.001" /><testcase classname="tests.unit.test_simple_repositories.TestRepositoriesModule" name="test_exchange_repository_import" time="0.000" /><testcase classname="tests.unit.test_simple_repositories.TestRepositoriesModule" name="test_base_repository_import" time="0.000" /><testcase classname="tests.unit.test_simple_repositories.TestRepositoriesModule" name="test_repositories_module_structure" time="0.001" /><testcase classname="tests.unit.test_simple_repositories.TestRepositoriesModule" name="test_repository_classes_are_callable" time="0.001" /><testcase classname="tests.unit.test_strategy_pattern.TestGenreBasedStrategy" name="test_strategy_name" time="0.001" /><testcase classname="tests.unit.test_strategy_pattern.TestGenreBasedStrategy" name="test_recommend_detective_genre" time="0.001" /><testcase classname="tests.unit.test_strategy_pattern.TestGenreBasedStrategy" name="test_recommend_fantasy_genre" time="0.001" /><testcase classname="tests.unit.test_strategy_pattern.TestGenreBasedStrategy" name="test_recommend_scifi_genre" time="0.001" /><testcase classname="tests.unit.test_strategy_pattern.TestGenreBasedStrategy" name="test_recommend_romance_genre" time="0.001" /><testcase classname="tests.unit.test_strategy_pattern.TestGenreBasedStrategy" name="test_recommend_unknown_genre_returns_empty" time="0.001" /><testcase classname="tests.unit.test_strategy_pattern.TestGenreBasedStrategy" name="test_recommend_respects_count" time="0.001" /><testcase classname="tests.unit.test_strategy_pattern.TestGenreBasedStrategy" name="test_recommend_excludes_read_books" time="0.001" /><testcase classname="tests.unit.test_strategy_pattern.TestGenreBasedStrategy" name="test_recommend_empty_genres" time="0.001" /><testcase classname="tests.unit.test_strategy_pattern.TestGenreBasedStrategy" name="test_recommend_returns_list" time="0.001" /><testcase classname="tests.unit.test_strategy_pattern.TestGenreBasedStrategy" name="test_recommend_each_item_has_required_keys" time="0.001" /><testcase classname="tests.unit.test_strategy_pattern.TestGenreBasedStrategy" name="test_recommend_multiple_genres" time="0.001" /><testcase classname="tests.unit.test_strategy_pattern.TestGenreBasedStrategy" name="test_recommend_partial_genre_match" time="0.001" /><testcase classname="tests.unit.test_strategy_pattern.TestPopularityBasedStrategy" name="test_strategy_name" time="0.001" /><testcase classname="tests.unit.test_strategy_pattern.TestPopularityBasedStrategy" name="test_recommend_returns_popular_books" time="0.001" /><testcase classname="tests.unit.test_strategy_pattern.TestPopularityBasedStrategy" name="test_recommend_respects_count" time="0.001" /><testcase classname="tests.unit.test_strategy_pattern.TestPopularityBasedStrategy" name="test_recommend_excludes_read_books" time="0.001" /><testcase classname="tests.unit.test_strategy_pattern.TestPopularityBasedStrategy" name="test_recommend_returns_dicts" time="0.001" /><testcase classname="tests.unit.test_strategy_pattern.TestPopularityBasedStrategy" name="test_recommend_count_exceeds_available" time="0.001" /><testcase classname="tests.unit.test_strategy_pattern.TestPopularityBasedStrategy" name="test_recommend_ignores_genres" time="0.001" /><testcase classname="tests.unit.test_strategy_pattern.TestPopularityBasedStrategy" name="test_popular_books_not_empty" time="0.001" /><testcase classname="tests.unit.test_strategy_pattern.TestHybridStrategy" name="test_strategy_name" time="0.001" /><testcase classname="tests.unit.test_strategy_pattern.TestHybridStrategy" name="test_recommend_combines_strategies" time="0.001" /><testcase classname="tests.unit.test_strategy_pattern.TestHybridStrategy" name="test_recommend_fills_from_popular_when_genre_insufficient" time="0.001" /><testcase classname="tests.unit.test_strategy_pattern.TestHybridStrategy" name="test_recommend_no_duplicates" time="0.001" /><testcase classname="tests.unit.test_strategy_pattern.TestHybridStrategy" name="test_recommend_count_respected" time="0.001" /><testcase classname="tests.unit.test_strategy_pattern.TestHybridStrategy" name="test_recommend_empty_genres_uses_popular" time="0.002" /><testcase classname="tests.unit.test_strategy_pattern.TestHybridStrategy" name="test_hybrid_uses_genre_strategy" time="0.001" /><testcase classname="tests.unit.test_strategy_pattern.TestHybridStrategy" name="test_hybrid_uses_popularity_strategy" time="0.001" /><testcase classname="tests.unit.test_strategy_pattern.TestRecommendationContext" name="test_default_strategy_is_hybrid" time="0.001" /><testcase classname="tests.unit.test_strategy_pattern.TestRecommendationContext" name="test_set_strategy_genre" time="0.001" /><testcase classname="tests.unit.test_strategy_pattern.TestRecommendationContext" name="test_set_strategy_popularity" time="0.001" /><testcase classname="tests.unit.test_strategy_pattern.TestRecommendationContext" name="test_execute_with_default_strategy" time="0.001" /><testcase classname="tests.unit.test_strategy_pattern.TestRecommendationContext" name="test_execute_with_genre_strategy" time="0.001" /><testcase classname="tests.unit.test_strategy_pattern.TestRecommendationContext" name="test_execute_with_popularity_strategy" time="0.001" /><testcase classname="tests.unit.test_strategy_pattern.TestRecommendationContext" name="test_strategy_swap_at_runtime" time="0.001" /><testcase classname="tests.unit.test_strategy_pattern.TestRecommendationContext" name="test_get_strategy_name" time="0.001" /><testcase classname="tests.unit.test_strategy_pattern.TestRecommendationContext" name="test_custom_strategy" time="0.001" /><testcase classname="tests.unit.test_strategy_pattern.TestRecommendationContext" name="test_context_with_explicit_strategy" time="0.001" /><testcase classname="tests.unit.test_strategy_pattern.TestRecommendationContext" name="test_execute_returns_list" time="0.001" /><testcase classname="tests.unit.test_strategy_pattern.TestRecommendationContext" name="test_execute_count_zero" time="0.013" /></testsuite></testsuites>